Change Component Footprint: Designator=F1 Old Footprint=FUSE_4527 New Footprint=FUSE_3568
Change Component Footprint: Designator=F2 Old Footprint=FUSE_4527 New Footprint=FUSE_3568
Change Component Comment : Designator=F1 Old Comment=PCB fuse mount New Comment=Fuse Mount
Change Component Comment : Designator=F2 Old Comment=PCB fuse mount New Comment=Fuse Mount
Change component parameters: Designator = "F1" ("F1"); Footprint = "FUSE_4527"; UniqueID = "\UBWHXPKZ" ("\UBWHXPKZ")
Change component parameters (AddParameter): Name = "Check_prices"; Value = "https://www.snapeda.com/parts/3568/Keystone/view-part/?ref=eda"; VariantName = "[No Variations]"
Change component parameters (AddParameter): Name = "MF"; Value = "Keystone Electronics"; VariantName = "[No Variations]"
Change component parameters (AddParameter): Name = "MP"; Value = "3568"; VariantName = "[No Variations]"
Change component parameters (AddParameter): Name = "Package"; Value = "NON STANDARD Keystone"; VariantName = "[No Variations]"
Change component parameters (AddParameter): Name = "SnapEDA_Link"; Value = "https://www.snapeda.com/parts/3568/Keystone/view-part/?ref=snap"; VariantName = "[No Variations]"
Change component parameters (AddParameter): Name = "Value"; Value = ""; VariantName = "[No Variations]"
Change component parameters: Designator = "F2" ("F2"); Footprint = "FUSE_4527"; UniqueID = "\UJUYTLTY" ("\UJUYTLTY")
Change component parameters (AddParameter): Name = "Check_prices"; Value = "https://www.snapeda.com/parts/3568/Keystone/view-part/?ref=eda"; VariantName = "[No Variations]"
Change component parameters (AddParameter): Name = "MF"; Value = "Keystone Electronics"; VariantName = "[No Variations]"
Change component parameters (AddParameter): Name = "MP"; Value = "3568"; VariantName = "[No Variations]"
Change component parameters (AddParameter): Name = "Package"; Value = "NON STANDARD Keystone"; VariantName = "[No Variations]"
Change component parameters (AddParameter): Name = "SnapEDA_Link"; Value = "https://www.snapeda.com/parts/3568/Keystone/view-part/?ref=snap"; VariantName = "[No Variations]"
Change component parameters (AddParameter): Name = "Value"; Value = ""; VariantName = "[No Variations]"
Added Pin To Net: NetName=12V_IN Pin=F1-3
Added Pin To Net: NetName=NetF1_2 Pin=F1-4
Added Pin To Net: NetName=12V_IN Pin=F2-3
Added Pin To Net: NetName=NetF2_2 Pin=F2-4
Added Member To Class: ClassName=STM32H7 Board Member=Component U1 MAX809TEUR+T
