Removed Pin From Net: NetName=PB10 Pin=U2-46
Removed Pin From Net: NetName=PB11 Pin=U2-47
Added Component: Designator=R57(R0402)
Add component (AddParameter): Name = "Check_prices"; Value = "https://www.snapeda.com/parts/RC0402FR-0722RL/Yageo/view-part/?ref=eda"; VariantName = "[No Variations]"
Add component (AddParameter): Name = "LCSC Part Number"; Value = ""; VariantName = "[No Variations]"
Add component (AddParameter): Name = "MF"; Value = "Yageo"; VariantName = "[No Variations]"
Add component (AddParameter): Name = "MP"; Value = "RC0402FR-0722RL"; VariantName = "[No Variations]"
Add component (AddParameter): Name = "Package"; Value = "0402 Yageo"; VariantName = "[No Variations]"
Add component (AddParameter): Name = "SnapEDA_Link"; Value = "https://www.snapeda.com/parts/RC0402FR-0722RL/Yageo/view-part/?ref=snap"; VariantName = "[No Variations]"
Add component (AddParameter): Name = "Value"; Value = ""; VariantName = "[No Variations]"
Added Component: Designator=R58(R0402)
Add component (AddParameter): Name = "Check_prices"; Value = "https://www.snapeda.com/parts/RC0402FR-0722RL/Yageo/view-part/?ref=eda"; VariantName = "[No Variations]"
Add component (AddParameter): Name = "LCSC Part Number"; Value = ""; VariantName = "[No Variations]"
Add component (AddParameter): Name = "MF"; Value = "Yageo"; VariantName = "[No Variations]"
Add component (AddParameter): Name = "MP"; Value = "RC0402FR-0722RL"; VariantName = "[No Variations]"
Add component (AddParameter): Name = "Package"; Value = "0402 Yageo"; VariantName = "[No Variations]"
Add component (AddParameter): Name = "SnapEDA_Link"; Value = "https://www.snapeda.com/parts/RC0402FR-0722RL/Yageo/view-part/?ref=snap"; VariantName = "[No Variations]"
Add component (AddParameter): Name = "Value"; Value = ""; VariantName = "[No Variations]"
Added Pin To Net: NetName=PB10 Pin=R57-2
Added Pin To Net: NetName=PB11 Pin=R58-2
Added Pin To Net: NetName=NetR57_1 Pin=R57-1
Added Pin To Net: NetName=NetR57_1 Pin=U2-46
Added Net: Name=NetR57_1
Added Pin To Net: NetName=NetR58_1 Pin=R58-1
Added Pin To Net: NetName=NetR58_1 Pin=U2-47
Added Net: Name=NetR58_1
Added Member To Class: ClassName=STM32H7 Board Member=Component R57 22R 0402
Added Member To Class: ClassName=STM32H7 Board Member=Component R58 22R 0402
